# Fri 3 Jul 2020 18:01:40 BST
# these stamps appear to be suitable for DoHoT

'a-and-a',
'abmb-sg-doh-ipv4',
'abmb-sg-doh-ipv6',
'abmb-sg2-doh-ipv4',
'abmb-sg2-doh-ipv6',
'ams-doh-nl',
'bcn-doh',
'cloudflare',
'cloudflare-ipv6',
'commons-host',
'cz.nic',
'cz.nic-ipv6',
'dns.digitale-gesellschaft.ch',
'dns.digitale-gesellschaft.ch-2',
'dns.digitale-gesellschaft.ch-ipv6',
'dns.digitale-gesellschaft.ch-ipv6-2',
'dns.sb',
'dnscrypt.ca-1-doh',
'dnscrypt.ca-1-ipv6-doh',
'dnscrypt.ca-2-doh',
'dnscrypt.ca-2-ipv6-doh',
'dnslify-doh',
'doh-crypto-sx',
'doh-crypto-sx-ipv6',
'doh-fi-snopyta',
'doh-fi-snopyta-ipv6',
'doh-ibksturm',
'doh.appliedprivacy.net',
'doh.ffmuc.net',
'doh.ffmuc.net-v6',
'doh.li',
'faelix-ch-ipv4-doh',
'faelix-ch-ipv6-doh',
'faelix-uk-ipv4-doh',
'faelix-uk-ipv6-doh',
'geekdns-doh',
'geekdns-doh-ext',
'google',
'google-ipv6',
'he',
'he-ipv6',
'iij',
'jp.tiar.app-doh',
'jp.tiar.app-doh-ipv6',
'jp.tiarap.org',
'jp.tiarap.org-ipv6',
'lelux.fi',
'meganerd-doh-ipv4',
'nextdns',
'nextdns-ipv6',
'powerdns-doh',
'publicarray-au-doh',
'publicarray-au2-doh',
'quad101',
'rubyfish-ea',
'rubyfish-uw',
'rumpelsepp.org',
'sth-doh-se',
't53',
'xfinity',
